<?xml version="1.0" encoding="UTF-8"?>
<testng-results ignored="0" total="3" passed="3" failed="0" skipped="0">
  <reporter-output>
  </reporter-output>
  <suite started-at="2023-04-07T10:43:05 CDT" name="Suite" finished-at="2023-04-07T10:43:55 CDT" duration-ms="50420">
    <groups>
    </groups>
    <test started-at="2023-04-07T10:43:05 CDT" name="Test" finished-at="2023-04-07T10:43:55 CDT" duration-ms="50420">
      <class name="tests.SearchBarTest">
        <test-method is-config="true" signature="setUp()[pri:0, instance:tests.SearchBarTest@7e5afaa6]" started-at="2023-04-07T10:43:44 CDT" name="setUp" finished-at="2023-04-07T10:43:53 CDT" duration-ms="9184" status="PASS">
          <reporter-output>
          </reporter-output>
        </test-method> <!-- setUp -->
        <test-method signature="titleTest()[pri:0, instance:tests.SearchBarTest@7e5afaa6]" started-at="2023-04-07T10:43:53 CDT" name="titleTest" finished-at="2023-04-07T10:43:53 CDT" duration-ms="85" status="PASS">
          <reporter-output>
          </reporter-output>
        </test-method> <!-- titleTest -->
        <test-method is-config="true" signature="teardown()[pri:0, instance:tests.SearchBarTest@7e5afaa6]" started-at="2023-04-07T10:43:55 CDT" name="teardown" finished-at="2023-04-07T10:43:55 CDT" duration-ms="111" status="PASS">
          <reporter-output>
          </reporter-output>
        </test-method> <!-- teardown -->
      </class> <!-- tests.SearchBarTest -->
      <class name="tests.GoogleTest">
        <test-method is-config="true" signature="setUp()[pri:0, instance:tests.GoogleTest@78123e82]" started-at="2023-04-07T10:43:05 CDT" name="setUp" finished-at="2023-04-07T10:43:34 CDT" duration-ms="29424" status="PASS">
          <reporter-output>
          </reporter-output>
        </test-method> <!-- setUp -->
        <test-method signature="logintest()[pri:0, instance:tests.GoogleTest@78123e82]" started-at="2023-04-07T10:43:53 CDT" name="logintest" finished-at="2023-04-07T10:43:55 CDT" duration-ms="1951" status="PASS">
          <reporter-output>
          </reporter-output>
        </test-method> <!-- logintest -->
        <test-method is-config="true" signature="teardown()[pri:0, instance:tests.GoogleTest@78123e82]" started-at="2023-04-07T10:43:55 CDT" name="teardown" finished-at="2023-04-07T10:43:55 CDT" duration-ms="120" status="PASS">
          <reporter-output>
          </reporter-output>
        </test-method> <!-- teardown -->
      </class> <!-- tests.GoogleTest -->
      <class name="tests.GoogleTitleTest">
        <test-method is-config="true" signature="setUp()[pri:0, instance:tests.GoogleTitleTest@67c33749]" started-at="2023-04-07T10:43:34 CDT" name="setUp" finished-at="2023-04-07T10:43:44 CDT" duration-ms="9373" status="PASS">
          <reporter-output>
          </reporter-output>
        </test-method> <!-- setUp -->
        <test-method signature="titleTest()[pri:0, instance:tests.GoogleTitleTest@67c33749]" started-at="2023-04-07T10:43:55 CDT" name="titleTest" finished-at="2023-04-07T10:43:55 CDT" duration-ms="17" status="PASS">
          <reporter-output>
          </reporter-output>
        </test-method> <!-- titleTest -->
        <test-method is-config="true" signature="teardown()[pri:0, instance:tests.GoogleTitleTest@67c33749]" started-at="2023-04-07T10:43:55 CDT" name="teardown" finished-at="2023-04-07T10:43:55 CDT" duration-ms="112" status="PASS">
          <reporter-output>
          </reporter-output>
        </test-method> <!-- teardown -->
      </class> <!-- tests.GoogleTitleTest -->
    </test> <!-- Test -->
  </suite> <!-- Suite -->
</testng-results>
