<?xml version="1.0" encoding="UTF-8"?>
<testng-results ignored="0" total="1" passed="1" failed="0" skipped="0">
  <reporter-output>
  </reporter-output>
  <suite started-at="2023-04-04T13:57:17 CDT" name="Default suite" finished-at="2023-04-04T13:57:30 CDT" duration-ms="13261">
    <groups>
    </groups>
    <test started-at="2023-04-04T13:57:17 CDT" name="Default test" finished-at="2023-04-04T13:57:30 CDT" duration-ms="13261">
      <class name="tests.GoogleTitleTest">
        <test-method is-config="true" signature="setUp()[pri:0, instance:tests.GoogleTitleTest@55634720]" started-at="2023-04-04T13:57:17 CDT" name="setUp" finished-at="2023-04-04T13:57:30 CDT" duration-ms="13039" status="PASS">
          <reporter-output>
          </reporter-output>
        </test-method> <!-- setUp -->
        <test-method signature="titleTest()[pri:0, instance:tests.GoogleTitleTest@55634720]" started-at="2023-04-04T13:57:30 CDT" name="titleTest" finished-at="2023-04-04T13:57:30 CDT" duration-ms="57" status="PASS">
          <reporter-output>
          </reporter-output>
        </test-method> <!-- titleTest -->
        <test-method is-config="true" signature="teardown()[pri:0, instance:tests.GoogleTitleTest@55634720]" started-at="2023-04-04T13:57:30 CDT" name="teardown" finished-at="2023-04-04T13:57:30 CDT" duration-ms="124" status="PASS">
          <reporter-output>
          </reporter-output>
        </test-method> <!-- teardown -->
      </class> <!-- tests.GoogleTitleTest -->
    </test> <!-- Default test -->
  </suite> <!-- Default suite -->
</testng-results>
